# JRE version: Java(TM) SE Runtime Environment (8.0_221-b11) (build 1.8.0_221-b11)
# Java VM: Java HotSpot(TM) 64-Bit Server VM (25.221-b11 mixed mode linux-amd64 compressed oops)
Heap:
 PSYoungGen      total 410624K, used 114190K [0x000000076d400000, 0x000000078b480000, 0x00000007c0000000)
  eden space 393216K, 29% used [0x000000076d400000,0x0000000774383970,0x0000000785400000)
  from space 17408K, 0% used [0x0000000786480000,0x0000000786480000,0x0000000787580000)
  to   space 16896K, 0% used [0x0000000785400000,0x0000000785400000,0x0000000786480000)
 ParOldGen       total 190464K, used 22045K [0x00000006c7c00000, 0x00000006d3600000, 0x000000076d400000)
  object space 190464K, 11% used [0x00000006c7c00000,0x00000006c91874a0,0x00000006d3600000)
 Metaspace       used 61169K, capacity 64890K, committed 65024K, reserved 1105920K
  class space    used 8506K, capacity 9130K, committed 9216K, reserved 1048576K
GC Heap History (10 events):
Event: 3.577 GC heap before
{Heap before GC invocations=9 (full 2):
 PSYoungGen      total 214528K, used 9215K [0x000000076d400000, 0x0000000782a80000, 0x00000007c0000000)
  eden space 205312K, 0% used [0x000000076d400000,0x000000076d400000,0x0000000779c80000)
  from space 9216K, 99% used [0x0000000779c80000,0x000000077a57fc18,0x000000077a580000)
  to   space 10752K, 0% used [0x0000000782000000,0x0000000782000000,0x0000000782a80000)
 ParOldGen       total 95232K, used 8815K [0x00000006c7c00000, 0x00000006cd900000, 0x000000076d400000)
  object space 95232K, 9% used [0x00000006c7c00000,0x00000006c849bed8,0x00000006cd900000)
 Metaspace       used 33243K, capacity 35260K, committed 35416K, reserved 1079296K
  class space    used 4363K, capacity 4729K, committed 4736K, reserved 1048576K
Event: 3.624 GC heap after
Heap after GC invocations=9 (full 2):
 PSYoungGen      total 214528K, used 0K [0x000000076d400000, 0x0000000782a80000, 0x00000007c0000000)
  eden space 205312K, 0% used [0x000000076d400000,0x000000076d400000,0x0000000779c80000)
  from space 9216K, 0% used [0x0000000779c80000,0x0000000779c80000,0x000000077a580000)
  to   space 10752K, 0% used [0x0000000782000000,0x0000000782000000,0x0000000782a80000)
 ParOldGen       total 147968K, used 14085K [0x00000006c7c00000, 0x00000006d0c80000, 0x000000076d400000)
  object space 147968K, 9% used [0x00000006c7c00000,0x00000006c89c1580,0x00000006d0c80000)
 Metaspace       used 33243K, capacity 35260K, committed 35416K, reserved 1079296K
  class space    used 4363K, capacity 4729K, committed 4736K, reserved 1048576K
}
Event: 4.668 GC heap before
{Heap before GC invocations=10 (full 2):
 PSYoungGen      total 214528K, used 205312K [0x000000076d400000, 0x0000000782a80000, 0x00000007c0000000)
  eden space 205312K, 100% used [0x000000076d400000,0x0000000779c80000,0x0000000779c80000)
  from space 9216K, 0% used [0x0000000779c80000,0x0000000779c80000,0x000000077a580000)
  to   space 10752K, 0% used [0x0000000782000000,0x0000000782000000,0x0000000782a80000)
 ParOldGen       total 147968K, used 14085K [0x00000006c7c00000, 0x00000006d0c80000, 0x000000076d400000)
  object space 147968K, 9% used [0x00000006c7c00000,0x00000006c89c1580,0x00000006d0c80000)
 Metaspace       used 43632K, capacity 46232K, committed 46336K, reserved 1089536K
  class space    used 5894K, capacity 6339K, committed 6400K, reserved 1048576K
Event: 4.679 GC heap after
Heap after GC invocations=10 (full 2):
 PSYoungGen      total 315904K, used 10728K [0x000000076d400000, 0x0000000782a80000, 0x00000007c0000000)
  eden space 305152K, 0% used [0x000000076d400000,0x000000076d400000,0x000000077fe00000)
  from space 10752K, 99% used [0x0000000782000000,0x0000000782a7a0c8,0x0000000782a80000)
  to   space 12800K, 0% used [0x0000000781180000,0x0000000781180000,0x0000000781e00000)
 ParOldGen       total 147968K, used 15460K [0x00000006c7c00000, 0x00000006d0c80000, 0x000000076d400000)
  object space 147968K, 10% used [0x00000006c7c00000,0x00000006c8b192b0,0x00000006d0c80000)
 Metaspace       used 43632K, capacity 46232K, committed 46336K, reserved 1089536K
  class space    used 5894K, capacity 6339K, committed 6400K, reserved 1048576K
}
Event: 5.764 GC heap before
{Heap before GC invocations=11 (full 2):
 PSYoungGen      total 315904K, used 315880K [0x000000076d400000, 0x0000000782a80000, 0x00000007c0000000)
  eden space 305152K, 100% used [0x000000076d400000,0x000000077fe00000,0x000000077fe00000)
  from space 10752K, 99% used [0x0000000782000000,0x0000000782a7a0c8,0x0000000782a80000)
  to   space 12800K, 0% used [0x0000000781180000,0x0000000781180000,0x0000000781e00000)
 ParOldGen       total 147968K, used 15460K [0x00000006c7c00000, 0x00000006d0c80000, 0x000000076d400000)
  object space 147968K, 10% used [0x00000006c7c00000,0x00000006c8b192b0,0x00000006d0c80000)
 Metaspace       used 55219K, capacity 58154K, committed 58368K, reserved 1099776K
  class space    used 7611K, capacity 8098K, committed 8192K, reserved 1048576K
Event: 5.784 GC heap after
Heap after GC invocations=11 (full 2):
 PSYoungGen      total 337920K, used 12791K [0x000000076d400000, 0x0000000787580000, 0x00000007c0000000)
  eden space 325120K, 0% used [0x000000076d400000,0x000000076d400000,0x0000000781180000)
  from space 12800K, 99% used [0x0000000781180000,0x0000000781dfdfb8,0x0000000781e00000)
  to   space 17408K, 0% used [0x0000000786480000,0x0000000786480000,0x0000000787580000)
 ParOldGen       total 147968K, used 23725K [0x00000006c7c00000, 0x00000006d0c80000, 0x000000076d400000)
  object space 147968K, 16% used [0x00000006c7c00000,0x00000006c932b7a0,0x00000006d0c80000)
 Metaspace       used 55219K, capacity 58154K, committed 58368K, reserved 1099776K
  class space    used 7611K, capacity 8098K, committed 8192K, reserved 1048576K
}
Event: 5.843 GC heap before
{Heap before GC invocations=12 (full 2):
 PSYoungGen      total 337920K, used 26732K [0x000000076d400000, 0x0000000787580000, 0x00000007c0000000)
  eden space 325120K, 4% used [0x000000076d400000,0x000000076e19d318,0x0000000781180000)
  from space 12800K, 99% used [0x0000000781180000,0x0000000781dfdfb8,0x0000000781e00000)
  to   space 17408K, 0% used [0x0000000786480000,0x0000000786480000,0x0000000787580000)
 ParOldGen       total 147968K, used 23725K [0x00000006c7c00000, 0x00000006d0c80000, 0x000000076d400000)
  object space 147968K, 16% used [0x00000006c7c00000,0x00000006c932b7a0,0x00000006d0c80000)
 Metaspace       used 55892K, capacity 58866K, committed 59008K, reserved 1099776K
  class space    used 7693K, capacity 8204K, committed 8320K, reserved 1048576K
Event: 5.852 GC heap after
Heap after GC invocations=12 (full 2):
 PSYoungGen      total 410624K, used 7450K [0x000000076d400000, 0x000000078b480000, 0x00000007c0000000)
  eden space 393216K, 0% used [0x000000076d400000,0x000000076d400000,0x0000000785400000)
  from space 17408K, 42% used [0x0000000786480000,0x0000000786bc6968,0x0000000787580000)
  to   space 16896K, 0% used [0x0000000785400000,0x0000000785400000,0x0000000786480000)
 ParOldGen       total 147968K, used 28466K [0x00000006c7c00000, 0x00000006d0c80000, 0x000000076d400000)
  object space 147968K, 19% used [0x00000006c7c00000,0x00000006c97ccb78,0x00000006d0c80000)
 Metaspace       used 55892K, capacity 58866K, committed 59008K, reserved 1099776K
  class space    used 7693K, capacity 8204K, committed 8320K, reserved 1048576K
}
Event: 5.852 GC heap before
{Heap before GC invocations=13 (full 3):
 PSYoungGen      total 410624K, used 7450K [0x000000076d400000, 0x000000078b480000, 0x00000007c0000000)
  eden space 393216K, 0% used [0x000000076d400000,0x000000076d400000,0x0000000785400000)
  from space 17408K, 42% used [0x0000000786480000,0x0000000786bc6968,0x0000000787580000)
  to   space 16896K, 0% used [0x0000000785400000,0x0000000785400000,0x0000000786480000)
 ParOldGen       total 147968K, used 28466K [0x00000006c7c00000, 0x00000006d0c80000, 0x000000076d400000)
  object space 147968K, 19% used [0x00000006c7c00000,0x00000006c97ccb78,0x00000006d0c80000)
 Metaspace       used 55892K, capacity 58866K, committed 59008K, reserved 1099776K
  class space    used 7693K, capacity 8204K, committed 8320K, reserved 1048576K
Event: 5.954 GC heap after
Heap after GC invocations=13 (full 3):
 PSYoungGen      total 410624K, used 0K [0x000000076d400000, 0x000000078b480000, 0x00000007c0000000)
  eden space 393216K, 0% used [0x000000076d400000,0x000000076d400000,0x0000000785400000)
  from space 17408K, 0% used [0x0000000786480000,0x0000000786480000,0x0000000787580000)
  to   space 16896K, 0% used [0x0000000785400000,0x0000000785400000,0x0000000786480000)
 ParOldGen       total 190464K, used 22045K [0x00000006c7c00000, 0x00000006d3600000, 0x000000076d400000)
  object space 190464K, 11% used [0x00000006c7c00000,0x00000006c91874a0,0x00000006d3600000)
 Metaspace       used 55892K, capacity 58866K, committed 59008K, reserved 1099776K
  class space    used 7693K, capacity 8204K, committed 8320K, reserved 1048576K
}

